<?xml version="1.0"?>

<!--
  ~
  ~ Copyright 2015-2019 Vladimir Bukhtoyarov
  ~
  ~       Licensed under the Apache License, Version 2.0 (the "License");
  ~       you may not use this file except in compliance with the License.
  ~       You may obtain a copy of the License at
  ~
  ~             http://www.apache.org/licenses/LICENSE-2.0
  ~
  ~      Unless required by applicable law or agreed to in writing, software
  ~      distributed under the License is distributed on an "AS IS" BASIS,
  ~      WITHOUT WARRANTIES OR CONDITIONS OF ANY KIND, either express or implied.
  ~      See the License for the specific language governing permissions and
  ~      limitations under the License.
  -->

<cache-config xmlns="http://xmlns.oracle.com/coherence/coherence-cache-config"
              xmlns:xsi="http://www.w3.org/2001/XMLSchema-instance"
              xsi:schemaLocation="http://xmlns.oracle.com/coherence/coherence-cache-config coherence-cache-config.xsd">

    <caching-scheme-mapping>
        <cache-mapping>
            <cache-name>*</cache-name>
            <scheme-name>simple-distributed-scheme</scheme-name>
        </cache-mapping>
    </caching-scheme-mapping>

    <caching-schemes>
        <distributed-scheme>
            <scheme-name>simple-distributed-scheme</scheme-name>

            <serializer>
                <instance>
                    <class-name>com.tangosol.io.pof.ConfigurablePofContext</class-name>
                    <init-params>
                        <init-param>
                            <param-type>String</param-type>
                            <param-value>/bucket4j-pof-config-example.xml</param-value>
                        </init-param>
                    </init-params>
                </instance>
            </serializer>

            <backing-map-scheme>
                <local-scheme/>
            </backing-map-scheme>
            <autostart>true</autostart>
        </distributed-scheme>

        <!--
            littlegrid uses system properties to enable Extend and control the address and
            port number that the Extend proxy server runs on.
            Note: if you want to use different system property names, that is fine as littlegrid
            supports a mapping to your system property names.
        -->
        <proxy-scheme>
            <scheme-name>extend-tcp</scheme-name>
            <service-name>ExtendProxyServerService</service-name>
            <acceptor-config>
                <tcp-acceptor>
                    <local-address>
                        <address system-property="tangosol.coherence.extend.address">127.0.0.1</address>
                        <port system-property="tangosol.coherence.extend.port">9099</port>
                    </local-address>
                </tcp-acceptor>
            </acceptor-config>
            <autostart system-property="tangosol.coherence.extend.enabled">false</autostart>
        </proxy-scheme>
    </caching-schemes>
</cache-config>